<?xml version="1.0" encoding="UTF-8"?>
<!-- Generated by org.testng.reporters.JUnitReportReporter -->
<testsuite hostname="Dell" failures="0" tests="1" name="testCases.LoginTest" time="8.042" errors="0" timestamp="2023-05-21T10:54:44 BDT" skipped="0">
  <testcase classname="testCases.LoginTest" name="login" time="8.042"/>
  <system-out/>
</testsuite> <!-- testCases.LoginTest -->
