<?xml version="1.0" encoding="UTF-8"?>
<!-- Generated by org.testng.reporters.JUnitReportReporter -->
<testsuite hostname="Dell" failures="0" tests="1" name="testCases.AddEmplyee" time="11.217" errors="0" timestamp="2023-05-21T10:54:44 BDT" skipped="0">
  <testcase classname="testCases.AddEmplyee" name="addemplyee" time="11.217"/>
  <system-out/>
</testsuite> <!-- testCases.AddEmplyee -->
