<?xml version="1.0" encoding="UTF-8"?>
<!-- Generated by org.testng.reporters.JUnitReportReporter -->
<testsuite hostname="Dell" failures="0" tests="1" name="testCases.GeneralInfoVerify" time="9.393" errors="0" timestamp="2023-05-21T10:54:44 BDT" skipped="0">
  <testcase classname="testCases.GeneralInfoVerify" name="verifydata" time="9.393"/>
  <system-out/>
</testsuite> <!-- testCases.GeneralInfoVerify -->
